27-Jan-2026 03:26:26.886 INFO [Thread-5] org.apache.coyote.AbstractProtocol.pause Pausing ProtocolHandler ["http-nio-8080"]
27-Jan-2026 03:26:26.897 INFO [Thread-5] org.apache.catalina.core.StandardService.stopInternal Stopping service [Catalina]
27-Jan-2026 03:26:27.477 WARNING [Thread-5] org.apache.catalina.loader.WebappClassLoaderBase.clearReferencesJdbc The web application [Scada-LTS] registered the JDBC driver [com.mysql.jdbc.Driver] but failed to unregister it when the web application was stopped. To prevent a memory leak, the JDBC Driver has been forcibly unregistered.
27-Jan-2026 03:26:27.477 WARNING [Thread-5] org.apache.catalina.loader.WebappClassLoaderBase.clearReferencesJdbc The web application [Scada-LTS] registered the JDBC driver [com.mysql.fabric.jdbc.FabricMySQLDriver] but failed to unregister it when the web application was stopped. To prevent a memory leak, the JDBC Driver has been forcibly unregistered.
27-Jan-2026 03:26:27.478 WARNING [Thread-5] org.apache.catalina.loader.WebappClassLoaderBase.clearReferencesThreads The web application [Scada-LTS] appears to have started a thread named [Log4j2-TF-2-Scheduled-1] but has failed to stop it. This is very likely to create a memory leak. Stack trace of thread:
 java.base@11.0.12/jdk.internal.misc.Unsafe.park(Native Method)
 java.base@11.0.12/java.util.concurrent.locks.LockSupport.parkNanos(LockSupport.java:234)
 java.base@11.0.12/java.util.concurrent.locks.AbstractQueuedSynchronizer$ConditionObject.awaitNanos(AbstractQueuedSynchronizer.java:2123)
 java.base@11.0.12/java.util.concurrent.ScheduledThreadPoolExecutor$DelayedWorkQueue.take(ScheduledThreadPoolExecutor.java:1182)
 java.base@11.0.12/java.util.concurrent.ScheduledThreadPoolExecutor$DelayedWorkQueue.take(ScheduledThreadPoolExecutor.java:899)
 java.base@11.0.12/java.util.concurrent.ThreadPoolExecutor.getTask(ThreadPoolExecutor.java:1054)
 java.base@11.0.12/java.util.concurrent.ThreadPoolExecutor.runWorker(ThreadPoolExecutor.java:1114)
 java.base@11.0.12/java.util.concurrent.ThreadPoolExecutor$Worker.run(ThreadPoolExecutor.java:628)
 java.base@11.0.12/java.lang.Thread.run(Thread.java:829)
27-Jan-2026 03:26:27.478 WARNING [Thread-5] org.apache.catalina.loader.WebappClassLoaderBase.clearReferencesThreads The web application [Scada-LTS] appears to have started a thread named [Log4j2-AsyncAppenderEventDispatcher-1-ASYNC_MODBUS] but has failed to stop it. This is very likely to create a memory leak. Stack trace of thread:
 java.base@11.0.12/jdk.internal.misc.Unsafe.park(Native Method)
 java.base@11.0.12/java.util.concurrent.locks.LockSupport.park(LockSupport.java:194)
 java.base@11.0.12/java.util.concurrent.locks.AbstractQueuedSynchronizer$ConditionObject.await(AbstractQueuedSynchronizer.java:2081)
 java.base@11.0.12/java.util.concurrent.ArrayBlockingQueue.take(ArrayBlockingQueue.java:417)
 org.apache.logging.log4j.core.appender.AsyncAppenderEventDispatcher.dispatchAll(AsyncAppenderEventDispatcher.java:71)
 org.apache.logging.log4j.core.appender.AsyncAppenderEventDispatcher.run(AsyncAppenderEventDispatcher.java:63)
27-Jan-2026 03:26:27.480 WARNING [Thread-5] org.apache.catalina.loader.WebappClassLoaderBase.clearReferencesThreads The web application [Scada-LTS] appears to have started a thread named [Log4j2-AsyncAppenderEventDispatcher-2-ASYNC_SCADA-LTS_DAO] but has failed to stop it. This is very likely to create a memory leak. Stack trace of thread:
 java.base@11.0.12/jdk.internal.misc.Unsafe.park(Native Method)
 java.base@11.0.12/java.util.concurrent.locks.LockSupport.park(LockSupport.java:194)
 java.base@11.0.12/java.util.concurrent.locks.AbstractQueuedSynchronizer$ConditionObject.await(AbstractQueuedSynchronizer.java:2081)
 java.base@11.0.12/java.util.concurrent.ArrayBlockingQueue.take(ArrayBlockingQueue.java:417)
 org.apache.logging.log4j.core.appender.AsyncAppenderEventDispatcher.dispatchAll(AsyncAppenderEventDispatcher.java:71)
 org.apache.logging.log4j.core.appender.AsyncAppenderEventDispatcher.run(AsyncAppenderEventDispatcher.java:63)
27-Jan-2026 03:26:27.480 WARNING [Thread-5] org.apache.catalina.loader.WebappClassLoaderBase.clearReferencesThreads The web application [Scada-LTS] appears to have started a thread named [Log4j2-AsyncAppenderEventDispatcher-3-ASYNC] but has failed to stop it. This is very likely to create a memory leak. Stack trace of thread:
 java.base@11.0.12/jdk.internal.misc.Unsafe.park(Native Method)
 java.base@11.0.12/java.util.concurrent.locks.LockSupport.park(LockSupport.java:194)
 java.base@11.0.12/java.util.concurrent.locks.AbstractQueuedSynchronizer$ConditionObject.await(AbstractQueuedSynchronizer.java:2081)
 java.base@11.0.12/java.util.concurrent.ArrayBlockingQueue.take(ArrayBlockingQueue.java:417)
 org.apache.logging.log4j.core.appender.AsyncAppenderEventDispatcher.dispatchAll(AsyncAppenderEventDispatcher.java:71)
 org.apache.logging.log4j.core.appender.AsyncAppenderEventDispatcher.run(AsyncAppenderEventDispatcher.java:63)
27-Jan-2026 03:26:27.481 WARNING [Thread-5] org.apache.catalina.loader.WebappClassLoaderBase.clearReferencesThreads The web application [Scada-LTS] appears to have started a thread named [Log4j2-AsyncAppenderEventDispatcher-4-ASYNC_DAO] but has failed to stop it. This is very likely to create a memory leak. Stack trace of thread:
 java.base@11.0.12/jdk.internal.misc.Unsafe.park(Native Method)
 java.base@11.0.12/java.util.concurrent.locks.LockSupport.park(LockSupport.java:194)
 java.base@11.0.12/java.util.concurrent.locks.AbstractQueuedSynchronizer$ConditionObject.await(AbstractQueuedSynchronizer.java:2081)
 java.base@11.0.12/java.util.concurrent.ArrayBlockingQueue.take(ArrayBlockingQueue.java:417)
 org.apache.logging.log4j.core.appender.AsyncAppenderEventDispatcher.dispatchAll(AsyncAppenderEventDispatcher.java:71)
 org.apache.logging.log4j.core.appender.AsyncAppenderEventDispatcher.run(AsyncAppenderEventDispatcher.java:63)
27-Jan-2026 03:26:27.481 WARNING [Thread-5] org.apache.catalina.loader.WebappClassLoaderBase.clearReferencesThreads The web application [Scada-LTS] appears to have started a thread named [Log4j2-AsyncAppenderEventDispatcher-5-ASYNC_FLYWAY] but has failed to stop it. This is very likely to create a memory leak. Stack trace of thread:
 java.base@11.0.12/jdk.internal.misc.Unsafe.park(Native Method)
 java.base@11.0.12/java.util.concurrent.locks.LockSupport.park(LockSupport.java:194)
 java.base@11.0.12/java.util.concurrent.locks.AbstractQueuedSynchronizer$ConditionObject.await(AbstractQueuedSynchronizer.java:2081)
 java.base@11.0.12/java.util.concurrent.ArrayBlockingQueue.take(ArrayBlockingQueue.java:417)
 org.apache.logging.log4j.core.appender.AsyncAppenderEventDispatcher.dispatchAll(AsyncAppenderEventDispatcher.java:71)
 org.apache.logging.log4j.core.appender.AsyncAppenderEventDispatcher.run(AsyncAppenderEventDispatcher.java:63)
27-Jan-2026 03:26:27.482 WARNING [Thread-5] org.apache.catalina.loader.WebappClassLoaderBase.clearReferencesThreads The web application [Scada-LTS] appears to have started a thread named [Log4j2-AsyncAppenderEventDispatcher-6-ASYNC_VIEW_HIERARCHY] but has failed to stop it. This is very likely to create a memory leak. Stack trace of thread:
 java.base@11.0.12/jdk.internal.misc.Unsafe.park(Native Method)
 java.base@11.0.12/java.util.concurrent.locks.LockSupport.park(LockSupport.java:194)
 java.base@11.0.12/java.util.concurrent.locks.AbstractQueuedSynchronizer$ConditionObject.await(AbstractQueuedSynchronizer.java:2081)
 java.base@11.0.12/java.util.concurrent.ArrayBlockingQueue.take(ArrayBlockingQueue.java:417)
 org.apache.logging.log4j.core.appender.AsyncAppenderEventDispatcher.dispatchAll(AsyncAppenderEventDispatcher.java:71)
 org.apache.logging.log4j.core.appender.AsyncAppenderEventDispatcher.run(AsyncAppenderEventDispatcher.java:63)
27-Jan-2026 03:26:27.482 WARNING [Thread-5] org.apache.catalina.loader.WebappClassLoaderBase.clearReferencesThreads The web application [Scada-LTS] appears to have started a thread named [Log4j2-AsyncAppenderEventDispatcher-7-ASYNC_SCRIPT] but has failed to stop it. This is very likely to create a memory leak. Stack trace of thread:
 java.base@11.0.12/jdk.internal.misc.Unsafe.park(Native Method)
 java.base@11.0.12/java.util.concurrent.locks.LockSupport.park(LockSupport.java:194)
 java.base@11.0.12/java.util.concurrent.locks.AbstractQueuedSynchronizer$ConditionObject.await(AbstractQueuedSynchronizer.java:2081)
 java.base@11.0.12/java.util.concurrent.ArrayBlockingQueue.take(ArrayBlockingQueue.java:417)
 org.apache.logging.log4j.core.appender.AsyncAppenderEventDispatcher.dispatchAll(AsyncAppenderEventDispatcher.java:71)
 org.apache.logging.log4j.core.appender.AsyncAppenderEventDispatcher.run(AsyncAppenderEventDispatcher.java:63)
27-Jan-2026 03:26:27.482 WARNING [Thread-5] org.apache.catalina.loader.WebappClassLoaderBase.clearReferencesThreads The web application [Scada-LTS] appears to have started a thread named [Log4j2-AsyncAppenderEventDispatcher-8-ASYNC_API] but has failed to stop it. This is very likely to create a memory leak. Stack trace of thread:
 java.base@11.0.12/jdk.internal.misc.Unsafe.park(Native Method)
 java.base@11.0.12/java.util.concurrent.locks.LockSupport.park(LockSupport.java:194)
 java.base@11.0.12/java.util.concurrent.locks.AbstractQueuedSynchronizer$ConditionObject.await(AbstractQueuedSynchronizer.java:2081)
 java.base@11.0.12/java.util.concurrent.ArrayBlockingQueue.take(ArrayBlockingQueue.java:417)
 org.apache.logging.log4j.core.appender.AsyncAppenderEventDispatcher.dispatchAll(AsyncAppenderEventDispatcher.java:71)
 org.apache.logging.log4j.core.appender.AsyncAppenderEventDispatcher.run(AsyncAppenderEventDispatcher.java:63)
27-Jan-2026 03:26:27.483 WARNING [Thread-5] org.apache.catalina.loader.WebappClassLoaderBase.clearReferencesThreads The web application [Scada-LTS] appears to have started a thread named [Serotonin Timer] but has failed to stop it. This is very likely to create a memory leak. Stack trace of thread:
 java.base@11.0.12/java.lang.Object.wait(Native Method)
 com.serotonin.timer.TimerThread.mainLoop(TimerThread.java:106)
 com.serotonin.timer.TimerThread.run(TimerThread.java:37)
27-Jan-2026 03:26:27.483 WARNING [Thread-5] org.apache.catalina.loader.WebappClassLoaderBase.clearReferencesThreads The web application [Scada-LTS] appears to have started a thread named [DefaultQuartzScheduler_Worker-1] but has failed to stop it. This is very likely to create a memory leak. Stack trace of thread:
 java.base@11.0.12/java.lang.Object.wait(Native Method)
 org.quartz.simpl.SimpleThreadPool$WorkerThread.run(SimpleThreadPool.java:519)
27-Jan-2026 03:26:27.484 WARNING [Thread-5] org.apache.catalina.loader.WebappClassLoaderBase.clearReferencesThreads The web application [Scada-LTS] appears to have started a thread named [DefaultQuartzScheduler_Worker-2] but has failed to stop it. This is very likely to create a memory leak. Stack trace of thread:
 java.base@11.0.12/java.lang.Object.wait(Native Method)
 org.quartz.simpl.SimpleThreadPool$WorkerThread.run(SimpleThreadPool.java:519)
27-Jan-2026 03:26:27.484 WARNING [Thread-5] org.apache.catalina.loader.WebappClassLoaderBase.clearReferencesThreads The web application [Scada-LTS] appears to have started a thread named [DefaultQuartzScheduler_Worker-3] but has failed to stop it. This is very likely to create a memory leak. Stack trace of thread:
 java.base@11.0.12/java.lang.Object.wait(Native Method)
 org.quartz.simpl.SimpleThreadPool$WorkerThread.run(SimpleThreadPool.java:519)
27-Jan-2026 03:26:27.484 WARNING [Thread-5] org.apache.catalina.loader.WebappClassLoaderBase.clearReferencesThreads The web application [Scada-LTS] appears to have started a thread named [DefaultQuartzScheduler_Worker-4] but has failed to stop it. This is very likely to create a memory leak. Stack trace of thread:
 java.base@11.0.12/java.lang.Object.wait(Native Method)
 org.quartz.simpl.SimpleThreadPool$WorkerThread.run(SimpleThreadPool.java:519)
27-Jan-2026 03:26:27.485 WARNING [Thread-5] org.apache.catalina.loader.WebappClassLoaderBase.clearReferencesThreads The web application [Scada-LTS] appears to have started a thread named [DefaultQuartzScheduler_Worker-5] but has failed to stop it. This is very likely to create a memory leak. Stack trace of thread:
 java.base@11.0.12/java.lang.Object.wait(Native Method)
 org.quartz.simpl.SimpleThreadPool$WorkerThread.run(SimpleThreadPool.java:519)
27-Jan-2026 03:26:27.485 WARNING [Thread-5] org.apache.catalina.loader.WebappClassLoaderBase.clearReferencesThreads The web application [Scada-LTS] appears to have started a thread named [DefaultQuartzScheduler_Worker-6] but has failed to stop it. This is very likely to create a memory leak. Stack trace of thread:
 java.base@11.0.12/java.lang.Object.wait(Native Method)
 org.quartz.simpl.SimpleThreadPool$WorkerThread.run(SimpleThreadPool.java:519)
27-Jan-2026 03:26:27.486 WARNING [Thread-5] org.apache.catalina.loader.WebappClassLoaderBase.clearReferencesThreads The web application [Scada-LTS] appears to have started a thread named [DefaultQuartzScheduler_Worker-7] but has failed to stop it. This is very likely to create a memory leak. Stack trace of thread:
 java.base@11.0.12/java.lang.Object.wait(Native Method)
 org.quartz.simpl.SimpleThreadPool$WorkerThread.run(SimpleThreadPool.java:519)
27-Jan-2026 03:26:27.486 WARNING [Thread-5] org.apache.catalina.loader.WebappClassLoaderBase.clearReferencesThreads The web application [Scada-LTS] appears to have started a thread named [DefaultQuartzScheduler_Worker-8] but has failed to stop it. This is very likely to create a memory leak. Stack trace of thread:
 java.base@11.0.12/java.lang.Object.wait(Native Method)
 org.quartz.simpl.SimpleThreadPool$WorkerThread.run(SimpleThreadPool.java:519)
27-Jan-2026 03:26:27.487 WARNING [Thread-5] org.apache.catalina.loader.WebappClassLoaderBase.clearReferencesThreads The web application [Scada-LTS] appears to have started a thread named [DefaultQuartzScheduler_Worker-9] but has failed to stop it. This is very likely to create a memory leak. Stack trace of thread:
 java.base@11.0.12/java.lang.Object.wait(Native Method)
 org.quartz.simpl.SimpleThreadPool$WorkerThread.run(SimpleThreadPool.java:519)
27-Jan-2026 03:26:27.487 WARNING [Thread-5] org.apache.catalina.loader.WebappClassLoaderBase.clearReferencesThreads The web application [Scada-LTS] appears to have started a thread named [DefaultQuartzScheduler_Worker-10] but has failed to stop it. This is very likely to create a memory leak. Stack trace of thread:
 java.base@11.0.12/java.lang.Object.wait(Native Method)
 org.quartz.simpl.SimpleThreadPool$WorkerThread.run(SimpleThreadPool.java:519)
27-Jan-2026 03:26:27.488 WARNING [Thread-5] org.apache.catalina.loader.WebappClassLoaderBase.clearReferencesThreads The web application [Scada-LTS] appears to have started a thread named [Modbus4J TcpMaster] but has failed to stop it. This is very likely to create a memory leak. Stack trace of thread:
 java.base@11.0.12/java.lang.Object.wait(Native Method)
 com.serotonin.modbus4j.sero.messaging.InputStreamListener.run(InputStreamListener.java:66)
 java.base@11.0.12/java.lang.Thread.run(Thread.java:829)
27-Jan-2026 03:26:27.488 WARNING [Thread-5] org.apache.catalina.loader.WebappClassLoaderBase.clearReferencesThreads The web application [Scada-LTS] appears to have started a thread named [Modbus4J TcpMaster] but has failed to stop it. This is very likely to create a memory leak. Stack trace of thread:
 java.base@11.0.12/java.lang.Object.wait(Native Method)
 com.serotonin.modbus4j.sero.messaging.InputStreamListener.run(InputStreamListener.java:66)
 java.base@11.0.12/java.lang.Thread.run(Thread.java:829)
27-Jan-2026 03:26:27.488 WARNING [Thread-5] org.apache.catalina.loader.WebappClassLoaderBase.clearReferencesThreads The web application [Scada-LTS] appears to have started a thread named [Modbus4J TcpMaster] but has failed to stop it. This is very likely to create a memory leak. Stack trace of thread:
 java.base@11.0.12/java.lang.Object.wait(Native Method)
 com.serotonin.modbus4j.sero.messaging.InputStreamListener.run(InputStreamListener.java:66)
 java.base@11.0.12/java.lang.Thread.run(Thread.java:829)
27-Jan-2026 03:26:27.489 WARNING [Thread-5] org.apache.catalina.loader.WebappClassLoaderBase.clearReferencesThreads The web application [Scada-LTS] appears to have started a thread named [pool-4-thread-16] but has failed to stop it. This is very likely to create a memory leak. Stack trace of thread:
 java.base@11.0.12/jdk.internal.misc.Unsafe.park(Native Method)
 java.base@11.0.12/java.util.concurrent.locks.LockSupport.parkNanos(LockSupport.java:234)
 java.base@11.0.12/java.util.concurrent.locks.AbstractQueuedSynchronizer$ConditionObject.awaitNanos(AbstractQueuedSynchronizer.java:2123)
 java.base@11.0.12/java.util.concurrent.LinkedBlockingQueue.poll(LinkedBlockingQueue.java:458)
 java.base@11.0.12/java.util.concurrent.ThreadPoolExecutor.getTask(ThreadPoolExecutor.java:1053)
 java.base@11.0.12/java.util.concurrent.ThreadPoolExecutor.runWorker(ThreadPoolExecutor.java:1114)
 java.base@11.0.12/java.util.concurrent.ThreadPoolExecutor$Worker.run(ThreadPoolExecutor.java:628)
 java.base@11.0.12/java.lang.Thread.run(Thread.java:829)
27-Jan-2026 03:26:27.489 WARNING [Thread-5] org.apache.catalina.loader.WebappClassLoaderBase.clearReferencesThreads The web application [Scada-LTS] appears to have started a thread named [pool-4-thread-17] but has failed to stop it. This is very likely to create a memory leak. Stack trace of thread:
 java.base@11.0.12/jdk.internal.misc.Unsafe.park(Native Method)
 java.base@11.0.12/java.util.concurrent.locks.LockSupport.parkNanos(LockSupport.java:234)
 java.base@11.0.12/java.util.concurrent.locks.AbstractQueuedSynchronizer$ConditionObject.awaitNanos(AbstractQueuedSynchronizer.java:2123)
 java.base@11.0.12/java.util.concurrent.LinkedBlockingQueue.poll(LinkedBlockingQueue.java:458)
 java.base@11.0.12/java.util.concurrent.ThreadPoolExecutor.getTask(ThreadPoolExecutor.java:1053)
 java.base@11.0.12/java.util.concurrent.ThreadPoolExecutor.runWorker(ThreadPoolExecutor.java:1114)
 java.base@11.0.12/java.util.concurrent.ThreadPoolExecutor$Worker.run(ThreadPoolExecutor.java:628)
 java.base@11.0.12/java.lang.Thread.run(Thread.java:829)
27-Jan-2026 03:26:27.489 WARNING [Thread-5] org.apache.catalina.loader.WebappClassLoaderBase.clearReferencesThreads The web application [Scada-LTS] appears to have started a thread named [pool-4-thread-18] but has failed to stop it. This is very likely to create a memory leak. Stack trace of thread:
 java.base@11.0.12/jdk.internal.misc.Unsafe.park(Native Method)
 java.base@11.0.12/java.util.concurrent.locks.LockSupport.parkNanos(LockSupport.java:234)
 java.base@11.0.12/java.util.concurrent.locks.AbstractQueuedSynchronizer$ConditionObject.awaitNanos(AbstractQueuedSynchronizer.java:2123)
 java.base@11.0.12/java.util.concurrent.LinkedBlockingQueue.poll(LinkedBlockingQueue.java:458)
 java.base@11.0.12/java.util.concurrent.ThreadPoolExecutor.getTask(ThreadPoolExecutor.java:1053)
 java.base@11.0.12/java.util.concurrent.ThreadPoolExecutor.runWorker(ThreadPoolExecutor.java:1114)
 java.base@11.0.12/java.util.concurrent.ThreadPoolExecutor$Worker.run(ThreadPoolExecutor.java:628)
 java.base@11.0.12/java.lang.Thread.run(Thread.java:829)
27-Jan-2026 03:26:27.490 WARNING [Thread-5] org.apache.catalina.loader.WebappClassLoaderBase.clearReferencesThreads The web application [Scada-LTS] appears to have started a thread named [pool-3-thread-857] but has failed to stop it. This is very likely to create a memory leak. Stack trace of thread:
 java.base@11.0.12/jdk.internal.misc.Unsafe.park(Native Method)
 java.base@11.0.12/java.util.concurrent.locks.LockSupport.parkNanos(LockSupport.java:234)
 java.base@11.0.12/java.util.concurrent.SynchronousQueue$TransferStack.awaitFulfill(SynchronousQueue.java:462)
 java.base@11.0.12/java.util.concurrent.SynchronousQueue$TransferStack.transfer(SynchronousQueue.java:361)
 java.base@11.0.12/java.util.concurrent.SynchronousQueue.poll(SynchronousQueue.java:937)
 java.base@11.0.12/java.util.concurrent.ThreadPoolExecutor.getTask(ThreadPoolExecutor.java:1053)
 java.base@11.0.12/java.util.concurrent.ThreadPoolExecutor.runWorker(ThreadPoolExecutor.java:1114)
 java.base@11.0.12/java.util.concurrent.ThreadPoolExecutor$Worker.run(ThreadPoolExecutor.java:628)
 java.base@11.0.12/java.lang.Thread.run(Thread.java:829)
27-Jan-2026 03:26:27.490 WARNING [Thread-5] org.apache.catalina.loader.WebappClassLoaderBase.clearReferencesThreads The web application [Scada-LTS] appears to have started a thread named [pool-3-thread-866] but has failed to stop it. This is very likely to create a memory leak. Stack trace of thread:
 java.base@11.0.12/jdk.internal.misc.Unsafe.park(Native Method)
 java.base@11.0.12/java.util.concurrent.locks.LockSupport.parkNanos(LockSupport.java:234)
 java.base@11.0.12/java.util.concurrent.SynchronousQueue$TransferStack.awaitFulfill(SynchronousQueue.java:462)
 java.base@11.0.12/java.util.concurrent.SynchronousQueue$TransferStack.transfer(SynchronousQueue.java:361)
 java.base@11.0.12/java.util.concurrent.SynchronousQueue.poll(SynchronousQueue.java:937)
 java.base@11.0.12/java.util.concurrent.ThreadPoolExecutor.getTask(ThreadPoolExecutor.java:1053)
 java.base@11.0.12/java.util.concurrent.ThreadPoolExecutor.runWorker(ThreadPoolExecutor.java:1114)
 java.base@11.0.12/java.util.concurrent.ThreadPoolExecutor$Worker.run(ThreadPoolExecutor.java:628)
 java.base@11.0.12/java.lang.Thread.run(Thread.java:829)
27-Jan-2026 03:26:27.491 WARNING [Thread-5] org.apache.catalina.loader.WebappClassLoaderBase.clearReferencesThreads The web application [Scada-LTS] appears to have started a thread named [pool-3-thread-884] but has failed to stop it. This is very likely to create a memory leak. Stack trace of thread:
 java.base@11.0.12/jdk.internal.misc.Unsafe.park(Native Method)
 java.base@11.0.12/java.util.concurrent.locks.LockSupport.parkNanos(LockSupport.java:234)
 java.base@11.0.12/java.util.concurrent.SynchronousQueue$TransferStack.awaitFulfill(SynchronousQueue.java:462)
 java.base@11.0.12/java.util.concurrent.SynchronousQueue$TransferStack.transfer(SynchronousQueue.java:361)
 java.base@11.0.12/java.util.concurrent.SynchronousQueue.poll(SynchronousQueue.java:937)
 java.base@11.0.12/java.util.concurrent.ThreadPoolExecutor.getTask(ThreadPoolExecutor.java:1053)
 java.base@11.0.12/java.util.concurrent.ThreadPoolExecutor.runWorker(ThreadPoolExecutor.java:1114)
 java.base@11.0.12/java.util.concurrent.ThreadPoolExecutor$Worker.run(ThreadPoolExecutor.java:628)
 java.base@11.0.12/java.lang.Thread.run(Thread.java:829)
27-Jan-2026 03:26:27.491 WARNING [Thread-5] org.apache.catalina.loader.WebappClassLoaderBase.clearReferencesThreads The web application [Scada-LTS] appears to have started a thread named [pool-3-thread-885] but has failed to stop it. This is very likely to create a memory leak. Stack trace of thread:
 java.base@11.0.12/jdk.internal.misc.Unsafe.park(Native Method)
 java.base@11.0.12/java.util.concurrent.locks.LockSupport.parkNanos(LockSupport.java:234)
 java.base@11.0.12/java.util.concurrent.SynchronousQueue$TransferStack.awaitFulfill(SynchronousQueue.java:462)
 java.base@11.0.12/java.util.concurrent.SynchronousQueue$TransferStack.transfer(SynchronousQueue.java:361)
 java.base@11.0.12/java.util.concurrent.SynchronousQueue.poll(SynchronousQueue.java:937)
 java.base@11.0.12/java.util.concurrent.ThreadPoolExecutor.getTask(ThreadPoolExecutor.java:1053)
 java.base@11.0.12/java.util.concurrent.ThreadPoolExecutor.runWorker(ThreadPoolExecutor.java:1114)
 java.base@11.0.12/java.util.concurrent.ThreadPoolExecutor$Worker.run(ThreadPoolExecutor.java:628)
 java.base@11.0.12/java.lang.Thread.run(Thread.java:829)
27-Jan-2026 03:26:27.492 WARNING [Thread-5] org.apache.catalina.loader.WebappClassLoaderBase.clearReferencesThreads The web application [Scada-LTS] appears to have started a thread named [pool-3-thread-889] but has failed to stop it. This is very likely to create a memory leak. Stack trace of thread:
 java.base@11.0.12/jdk.internal.misc.Unsafe.park(Native Method)
 java.base@11.0.12/java.util.concurrent.locks.LockSupport.parkNanos(LockSupport.java:234)
 java.base@11.0.12/java.util.concurrent.SynchronousQueue$TransferStack.awaitFulfill(SynchronousQueue.java:462)
 java.base@11.0.12/java.util.concurrent.SynchronousQueue$TransferStack.transfer(SynchronousQueue.java:361)
 java.base@11.0.12/java.util.concurrent.SynchronousQueue.poll(SynchronousQueue.java:937)
 java.base@11.0.12/java.util.concurrent.ThreadPoolExecutor.getTask(ThreadPoolExecutor.java:1053)
 java.base@11.0.12/java.util.concurrent.ThreadPoolExecutor.runWorker(ThreadPoolExecutor.java:1114)
 java.base@11.0.12/java.util.concurrent.ThreadPoolExecutor$Worker.run(ThreadPoolExecutor.java:628)
 java.base@11.0.12/java.lang.Thread.run(Thread.java:829)
27-Jan-2026 03:26:27.492 WARNING [Thread-5] org.apache.catalina.loader.WebappClassLoaderBase.clearReferencesThreads The web application [Scada-LTS] appears to have started a thread named [pool-3-thread-891] but has failed to stop it. This is very likely to create a memory leak. Stack trace of thread:
 java.base@11.0.12/jdk.internal.misc.Unsafe.park(Native Method)
 java.base@11.0.12/java.util.concurrent.locks.LockSupport.parkNanos(LockSupport.java:234)
 java.base@11.0.12/java.util.concurrent.SynchronousQueue$TransferStack.awaitFulfill(SynchronousQueue.java:462)
 java.base@11.0.12/java.util.concurrent.SynchronousQueue$TransferStack.transfer(SynchronousQueue.java:361)
 java.base@11.0.12/java.util.concurrent.SynchronousQueue.poll(SynchronousQueue.java:937)
 java.base@11.0.12/java.util.concurrent.ThreadPoolExecutor.getTask(ThreadPoolExecutor.java:1053)
 java.base@11.0.12/java.util.concurrent.ThreadPoolExecutor.runWorker(ThreadPoolExecutor.java:1114)
 java.base@11.0.12/java.util.concurrent.ThreadPoolExecutor$Worker.run(ThreadPoolExecutor.java:628)
 java.base@11.0.12/java.lang.Thread.run(Thread.java:829)
27-Jan-2026 03:26:27.493 WARNING [Thread-5] org.apache.catalina.loader.WebappClassLoaderBase.clearReferencesThreads The web application [Scada-LTS] appears to have started a thread named [pool-3-thread-892] but has failed to stop it. This is very likely to create a memory leak. Stack trace of thread:
 java.base@11.0.12/java.lang.Object.wait(Native Method)
 com.serotonin.modbus4j.sero.messaging.WaitingRoom$Member.waitNoThrow(WaitingRoom.java:131)
 com.serotonin.modbus4j.sero.messaging.WaitingRoom$Member.getResponse(WaitingRoom.java:125)
 com.serotonin.modbus4j.sero.messaging.WaitingRoom.getResponse(WaitingRoom.java:65)
 com.serotonin.modbus4j.sero.messaging.MessageControl.send(MessageControl.java:127)
 com.serotonin.modbus4j.sero.messaging.MessageControl.send(MessageControl.java:105)
 com.serotonin.modbus4j.ip.tcp.TcpMaster.sendImpl(TcpMaster.java:132)
 com.serotonin.modbus4j.ModbusMaster.send(ModbusMaster.java:105)
 com.serotonin.modbus4j.ModbusMaster.sendFunctionGroup(ModbusMaster.java:362)
 com.serotonin.modbus4j.ModbusMaster.send(ModbusMaster.java:305)
 com.serotonin.mango.rt.dataSource.modbus.ModbusDataSource.doPoll(ModbusDataSource.java:198)
 com.serotonin.mango.rt.dataSource.modbus.ModbusIpDataSource.doPoll(ModbusIpDataSource.java:141)
 com.serotonin.mango.rt.dataSource.PollingDataSource.scheduleTimeout(PollingDataSource.java:76)
 com.serotonin.mango.util.timeout.TimeoutTask.run(TimeoutTask.java:29)
 com.serotonin.timer.TimerTask.run(TimerTask.java:143)
 java.base@11.0.12/java.util.concurrent.ThreadPoolExecutor.runWorker(ThreadPoolExecutor.java:1128)
 java.base@11.0.12/java.util.concurrent.ThreadPoolExecutor$Worker.run(ThreadPoolExecutor.java:628)
 java.base@11.0.12/java.lang.Thread.run(Thread.java:829)
27-Jan-2026 03:26:27.493 WARNING [Thread-5] org.apache.catalina.loader.WebappClassLoaderBase.clearReferencesThreads The web application [Scada-LTS] appears to have started a thread named [pool-3-thread-894] but has failed to stop it. This is very likely to create a memory leak. Stack trace of thread:
 java.base@11.0.12/java.lang.Object.wait(Native Method)
 com.serotonin.modbus4j.sero.messaging.WaitingRoom$Member.waitNoThrow(WaitingRoom.java:131)
 com.serotonin.modbus4j.sero.messaging.WaitingRoom$Member.getResponse(WaitingRoom.java:125)
 com.serotonin.modbus4j.sero.messaging.WaitingRoom.getResponse(WaitingRoom.java:65)
 com.serotonin.modbus4j.sero.messaging.MessageControl.send(MessageControl.java:127)
 com.serotonin.modbus4j.sero.messaging.MessageControl.send(MessageControl.java:105)
 com.serotonin.modbus4j.ip.tcp.TcpMaster.sendImpl(TcpMaster.java:132)
 com.serotonin.modbus4j.ModbusMaster.send(ModbusMaster.java:105)
 com.serotonin.modbus4j.ModbusMaster.sendFunctionGroup(ModbusMaster.java:362)
 com.serotonin.modbus4j.ModbusMaster.send(ModbusMaster.java:305)
 com.serotonin.mango.rt.dataSource.modbus.ModbusDataSource.doPoll(ModbusDataSource.java:198)
 com.serotonin.mango.rt.dataSource.modbus.ModbusIpDataSource.doPoll(ModbusIpDataSource.java:141)
 com.serotonin.mango.rt.dataSource.PollingDataSource.scheduleTimeout(PollingDataSource.java:76)
 com.serotonin.mango.util.timeout.TimeoutTask.run(TimeoutTask.java:29)
 com.serotonin.timer.TimerTask.run(TimerTask.java:143)
 java.base@11.0.12/java.util.concurrent.ThreadPoolExecutor.runWorker(ThreadPoolExecutor.java:1128)
 java.base@11.0.12/java.util.concurrent.ThreadPoolExecutor$Worker.run(ThreadPoolExecutor.java:628)
 java.base@11.0.12/java.lang.Thread.run(Thread.java:829)
27-Jan-2026 03:26:27.494 WARNING [Thread-5] org.apache.catalina.loader.WebappClassLoaderBase.clearReferencesThreads The web application [Scada-LTS] appears to have started a thread named [pool-3-thread-895] but has failed to stop it. This is very likely to create a memory leak. Stack trace of thread:
 java.base@11.0.12/java.lang.Object.wait(Native Method)
 com.serotonin.modbus4j.sero.messaging.WaitingRoom$Member.waitNoThrow(WaitingRoom.java:131)
 com.serotonin.modbus4j.sero.messaging.WaitingRoom$Member.getResponse(WaitingRoom.java:125)
 com.serotonin.modbus4j.sero.messaging.WaitingRoom.getResponse(WaitingRoom.java:65)
 com.serotonin.modbus4j.sero.messaging.MessageControl.send(MessageControl.java:127)
 com.serotonin.modbus4j.sero.messaging.MessageControl.send(MessageControl.java:105)
 com.serotonin.modbus4j.ip.tcp.TcpMaster.sendImpl(TcpMaster.java:132)
 com.serotonin.modbus4j.ModbusMaster.send(ModbusMaster.java:105)
 com.serotonin.modbus4j.ModbusMaster.sendFunctionGroup(ModbusMaster.java:362)
 com.serotonin.modbus4j.ModbusMaster.send(ModbusMaster.java:305)
 com.serotonin.mango.rt.dataSource.modbus.ModbusDataSource.doPoll(ModbusDataSource.java:198)
 com.serotonin.mango.rt.dataSource.modbus.ModbusIpDataSource.doPoll(ModbusIpDataSource.java:141)
 com.serotonin.mango.rt.dataSource.PollingDataSource.scheduleTimeout(PollingDataSource.java:76)
 com.serotonin.mango.util.timeout.TimeoutTask.run(TimeoutTask.java:29)
 com.serotonin.timer.TimerTask.run(TimerTask.java:143)
 java.base@11.0.12/java.util.concurrent.ThreadPoolExecutor.runWorker(ThreadPoolExecutor.java:1128)
 java.base@11.0.12/java.util.concurrent.ThreadPoolExecutor$Worker.run(ThreadPoolExecutor.java:628)
 java.base@11.0.12/java.lang.Thread.run(Thread.java:829)
27-Jan-2026 03:26:27.494 WARNING [Thread-5] org.apache.catalina.loader.WebappClassLoaderBase.clearReferencesThreads The web application [Scada-LTS] appears to have started a thread named [pool-3-thread-896] but has failed to stop it. This is very likely to create a memory leak. Stack trace of thread:
 java.base@11.0.12/jdk.internal.misc.Unsafe.park(Native Method)
 java.base@11.0.12/java.util.concurrent.locks.LockSupport.parkNanos(LockSupport.java:234)
 java.base@11.0.12/java.util.concurrent.SynchronousQueue$TransferStack.awaitFulfill(SynchronousQueue.java:462)
 java.base@11.0.12/java.util.concurrent.SynchronousQueue$TransferStack.transfer(SynchronousQueue.java:361)
 java.base@11.0.12/java.util.concurrent.SynchronousQueue.poll(SynchronousQueue.java:937)
 java.base@11.0.12/java.util.concurrent.ThreadPoolExecutor.getTask(ThreadPoolExecutor.java:1053)
 java.base@11.0.12/java.util.concurrent.ThreadPoolExecutor.runWorker(ThreadPoolExecutor.java:1114)
 java.base@11.0.12/java.util.concurrent.ThreadPoolExecutor$Worker.run(ThreadPoolExecutor.java:628)
 java.base@11.0.12/java.lang.Thread.run(Thread.java:829)
27-Jan-2026 03:26:27.494 WARNING [Thread-5] org.apache.catalina.loader.WebappClassLoaderBase.clearReferencesThreads The web application [Scada-LTS] appears to have started a thread named [mysql-cj-abandoned-connection-cleanup] but has failed to stop it. This is very likely to create a memory leak. Stack trace of thread:
 java.base@11.0.12/java.lang.Object.wait(Native Method)
 java.base@11.0.12/java.lang.ref.ReferenceQueue.remove(ReferenceQueue.java:155)
 com.mysql.jdbc.AbandonedConnectionCleanupThread.run(AbandonedConnectionCleanupThread.java:80)
 java.base@11.0.12/java.util.concurrent.ThreadPoolExecutor.runWorker(ThreadPoolExecutor.java:1128)
 java.base@11.0.12/java.util.concurrent.ThreadPoolExecutor$Worker.run(ThreadPoolExecutor.java:628)
 java.base@11.0.12/java.lang.Thread.run(Thread.java:829)
27-Jan-2026 03:26:27.495 WARNING [Thread-5] org.apache.catalina.loader.WebappClassLoaderBase.clearReferencesThreads The web application [Scada-LTS] appears to have started a thread named [DefaultQuartzScheduler_QuartzSchedulerThread] but has failed to stop it. This is very likely to create a memory leak. Stack trace of thread:
 java.base@11.0.12/java.lang.Object.wait(Native Method)
 org.quartz.core.QuartzSchedulerThread.run(QuartzSchedulerThread.java:297)
27-Jan-2026 03:26:27.508 INFO [Thread-5] org.apache.coyote.AbstractProtocol.stop Stopping ProtocolHandler ["http-nio-8080"]
27-Jan-2026 03:26:27.548 INFO [Thread-5] org.apache.coyote.AbstractProtocol.destroy Destroying ProtocolHandler ["http-nio-8080"]
